[0.560s] Invoking command in '/workdir/src/hospital_robot_spawner': PYTHONPATH=/workdir/build/hospital_robot_spawner/prefix_override:/usr/lib/python3/dist-packages/colcon_core/task/python/colcon_distutils_commands:/workdir/install/hospital_robot_spawner/lib/python3.10/site-packages:${PYTHONPATH} /usr/bin/python3 -W ignore:setup.py install is deprecated setup.py egg_info --egg-base ../../build/hospital_robot_spawner build --build-base /workdir/build/hospital_robot_spawner/build install --record /workdir/build/hospital_robot_spawner/install.log --single-version-externally-managed install_data
[0.753s] running egg_info
[0.753s] creating ../../build/hospital_robot_spawner/hospital_robot_spawner.egg-info
[0.754s] writing ../../build/hospital_robot_spawner/hospital_robot_spawner.egg-info/PKG-INFO
[0.754s] writing dependency_links to ../../build/hospital_robot_spawner/hospital_robot_spawner.egg-info/dependency_links.txt
[0.754s] writing entry points to ../../build/hospital_robot_spawner/hospital_robot_spawner.egg-info/entry_points.txt
[0.755s] writing requirements to ../../build/hospital_robot_spawner/hospital_robot_spawner.egg-info/requires.txt
[0.755s] writing top-level names to ../../build/hospital_robot_spawner/hospital_robot_spawner.egg-info/top_level.txt
[0.755s] writing manifest file '../../build/hospital_robot_spawner/hospital_robot_spawner.egg-info/SOURCES.txt'
[0.756s] reading manifest file '../../build/hospital_robot_spawner/hospital_robot_spawner.egg-info/SOURCES.txt'
[0.758s] writing manifest file '../../build/hospital_robot_spawner/hospital_robot_spawner.egg-info/SOURCES.txt'
[0.758s] running build
[0.759s] running build_py
[0.759s] creating /workdir/build/hospital_robot_spawner/build
[0.759s] creating /workdir/build/hospital_robot_spawner/build/lib
[0.759s] creating /workdir/build/hospital_robot_spawner/build/lib/hospital_robot_spawner
[0.759s] copying hospital_robot_spawner/robot_controller.py -> /workdir/build/hospital_robot_spawner/build/lib/hospital_robot_spawner
[0.760s] copying hospital_robot_spawner/start_training.py -> /workdir/build/hospital_robot_spawner/build/lib/hospital_robot_spawner
[0.760s] copying hospital_robot_spawner/trained_agent.py -> /workdir/build/hospital_robot_spawner/build/lib/hospital_robot_spawner
[0.760s] copying hospital_robot_spawner/__init__.py -> /workdir/build/hospital_robot_spawner/build/lib/hospital_robot_spawner
[0.760s] copying hospital_robot_spawner/hospitalbot_simplified_env.py -> /workdir/build/hospital_robot_spawner/build/lib/hospital_robot_spawner
[0.760s] copying hospital_robot_spawner/hospitalbot_env.py -> /workdir/build/hospital_robot_spawner/build/lib/hospital_robot_spawner
[0.760s] copying hospital_robot_spawner/spawn_demo.py -> /workdir/build/hospital_robot_spawner/build/lib/hospital_robot_spawner
[0.760s] running install
[0.761s] running install_lib
[0.761s] creating /workdir/install/hospital_robot_spawner/lib/python3.10/site-packages/hospital_robot_spawner
[0.761s] copying /workdir/build/hospital_robot_spawner/build/lib/hospital_robot_spawner/robot_controller.py -> /workdir/install/hospital_robot_spawner/lib/python3.10/site-packages/hospital_robot_spawner
[0.761s] copying /workdir/build/hospital_robot_spawner/build/lib/hospital_robot_spawner/start_training.py -> /workdir/install/hospital_robot_spawner/lib/python3.10/site-packages/hospital_robot_spawner
[0.761s] copying /workdir/build/hospital_robot_spawner/build/lib/hospital_robot_spawner/trained_agent.py -> /workdir/install/hospital_robot_spawner/lib/python3.10/site-packages/hospital_robot_spawner
[0.762s] copying /workdir/build/hospital_robot_spawner/build/lib/hospital_robot_spawner/__init__.py -> /workdir/install/hospital_robot_spawner/lib/python3.10/site-packages/hospital_robot_spawner
[0.762s] copying /workdir/build/hospital_robot_spawner/build/lib/hospital_robot_spawner/hospitalbot_simplified_env.py -> /workdir/install/hospital_robot_spawner/lib/python3.10/site-packages/hospital_robot_spawner
[0.762s] copying /workdir/build/hospital_robot_spawner/build/lib/hospital_robot_spawner/hospitalbot_env.py -> /workdir/install/hospital_robot_spawner/lib/python3.10/site-packages/hospital_robot_spawner
[0.762s] copying /workdir/build/hospital_robot_spawner/build/lib/hospital_robot_spawner/spawn_demo.py -> /workdir/install/hospital_robot_spawner/lib/python3.10/site-packages/hospital_robot_spawner
[0.762s] byte-compiling /workdir/install/hospital_robot_spawner/lib/python3.10/site-packages/hospital_robot_spawner/robot_controller.py to robot_controller.cpython-310.pyc
[0.763s] byte-compiling /workdir/install/hospital_robot_spawner/lib/python3.10/site-packages/hospital_robot_spawner/start_training.py to start_training.cpython-310.pyc
[0.764s] byte-compiling /workdir/install/hospital_robot_spawner/lib/python3.10/site-packages/hospital_robot_spawner/trained_agent.py to trained_agent.cpython-310.pyc
[0.764s] byte-compiling /workdir/install/hospital_robot_spawner/lib/python3.10/site-packages/hospital_robot_spawner/__init__.py to __init__.cpython-310.pyc
[0.765s] byte-compiling /workdir/install/hospital_robot_spawner/lib/python3.10/site-packages/hospital_robot_spawner/hospitalbot_simplified_env.py to hospitalbot_simplified_env.cpython-310.pyc
[0.765s] byte-compiling /workdir/install/hospital_robot_spawner/lib/python3.10/site-packages/hospital_robot_spawner/hospitalbot_env.py to hospitalbot_env.cpython-310.pyc
[0.770s] byte-compiling /workdir/install/hospital_robot_spawner/lib/python3.10/site-packages/hospital_robot_spawner/spawn_demo.py to spawn_demo.cpython-310.pyc
[0.771s] running install_data
[0.771s] creating /workdir/install/hospital_robot_spawner/share/ament_index
[0.771s] creating /workdir/install/hospital_robot_spawner/share/ament_index/resource_index
[0.771s] creating /workdir/install/hospital_robot_spawner/share/ament_index/resource_index/packages
[0.771s] copying resource/hospital_robot_spawner -> /workdir/install/hospital_robot_spawner/share/ament_index/resource_index/packages
[0.771s] copying package.xml -> /workdir/install/hospital_robot_spawner/share/hospital_robot_spawner
[0.772s] creating /workdir/install/hospital_robot_spawner/share/hospital_robot_spawner/launch
[0.772s] copying launch/headless_world.launch.py -> /workdir/install/hospital_robot_spawner/share/hospital_robot_spawner/launch
[0.773s] copying launch/discretized_hospital.launch.py -> /workdir/install/hospital_robot_spawner/share/hospital_robot_spawner/launch
[0.773s] copying launch/start_training.launch.py -> /workdir/install/hospital_robot_spawner/share/hospital_robot_spawner/launch
[0.773s] copying launch/trained_agent.launch.py -> /workdir/install/hospital_robot_spawner/share/hospital_robot_spawner/launch
[0.773s] copying launch/test.launch.py -> /workdir/install/hospital_robot_spawner/share/hospital_robot_spawner/launch
[0.773s] copying launch/gazebo_world.launch.py -> /workdir/install/hospital_robot_spawner/share/hospital_robot_spawner/launch
[0.774s] creating /workdir/install/hospital_robot_spawner/share/hospital_robot_spawner/config
[0.774s] copying config/training_parameters.yaml -> /workdir/install/hospital_robot_spawner/share/hospital_robot_spawner/config
[0.774s] creating /workdir/install/hospital_robot_spawner/share/hospital_robot_spawner/worlds
[0.774s] copying ./worlds/hospital_training.world -> /workdir/install/hospital_robot_spawner/share/hospital_robot_spawner/worlds/
[0.774s] copying ./worlds/hospital.world -> /workdir/install/hospital_robot_spawner/share/hospital_robot_spawner/worlds/
[0.775s] copying ./worlds/hospital_discretized.world -> /workdir/install/hospital_robot_spawner/share/hospital_robot_spawner/worlds/
[0.775s] copying ./worlds/test.world -> /workdir/install/hospital_robot_spawner/share/hospital_robot_spawner/worlds/
[0.775s] creating /workdir/install/hospital_robot_spawner/share/hospital_robot_spawner/models
[0.775s] creating /workdir/install/hospital_robot_spawner/share/hospital_robot_spawner/models/mobile_warehouse_robot
[0.775s] copying ./models/mobile_warehouse_robot/model.config -> /workdir/install/hospital_robot_spawner/share/hospital_robot_spawner/models/mobile_warehouse_robot/
[0.775s] copying ./models/mobile_warehouse_robot/model.sdf -> /workdir/install/hospital_robot_spawner/share/hospital_robot_spawner/models/mobile_warehouse_robot/
[0.775s] creating /workdir/install/hospital_robot_spawner/share/hospital_robot_spawner/models/pioneer3at
[0.775s] copying ./models/pioneer3at/model.sdf -> /workdir/install/hospital_robot_spawner/share/hospital_robot_spawner/models/pioneer3at/
[0.775s] copying ./models/pioneer3at/model.config -> /workdir/install/hospital_robot_spawner/share/hospital_robot_spawner/models/pioneer3at/
[0.775s] creating /workdir/install/hospital_robot_spawner/share/hospital_robot_spawner/models/Target
[0.776s] copying ./models/Target/model.sdf -> /workdir/install/hospital_robot_spawner/share/hospital_robot_spawner/models/Target/
[0.776s] copying ./models/Target/model.config -> /workdir/install/hospital_robot_spawner/share/hospital_robot_spawner/models/Target/
[0.776s] copying ./worlds/hospital_training.world -> /workdir/install/hospital_robot_spawner/share/hospital_robot_spawner/models/
[0.776s] copying ./worlds/hospital.world -> /workdir/install/hospital_robot_spawner/share/hospital_robot_spawner/models/
[0.776s] copying ./worlds/hospital_discretized.world -> /workdir/install/hospital_robot_spawner/share/hospital_robot_spawner/models/
[0.776s] copying ./worlds/test.world -> /workdir/install/hospital_robot_spawner/share/hospital_robot_spawner/models/
[0.776s] running install_egg_info
[0.776s] Copying ../../build/hospital_robot_spawner/hospital_robot_spawner.egg-info to /workdir/install/hospital_robot_spawner/lib/python3.10/site-packages/hospital_robot_spawner-0.0.0-py3.10.egg-info
[0.777s] running install_scripts
[0.795s] Installing spawn_demo script to /workdir/install/hospital_robot_spawner/lib/hospital_robot_spawner
[0.795s] Installing start_training script to /workdir/install/hospital_robot_spawner/lib/hospital_robot_spawner
[0.795s] Installing trained_agent script to /workdir/install/hospital_robot_spawner/lib/hospital_robot_spawner
[0.795s] writing list of installed files to '/workdir/build/hospital_robot_spawner/install.log'
[0.814s] Invoked command in '/workdir/src/hospital_robot_spawner' returned '0': PYTHONPATH=/workdir/build/hospital_robot_spawner/prefix_override:/usr/lib/python3/dist-packages/colcon_core/task/python/colcon_distutils_commands:/workdir/install/hospital_robot_spawner/lib/python3.10/site-packages:${PYTHONPATH} /usr/bin/python3 -W ignore:setup.py install is deprecated setup.py egg_info --egg-base ../../build/hospital_robot_spawner build --build-base /workdir/build/hospital_robot_spawner/build install --record /workdir/build/hospital_robot_spawner/install.log --single-version-externally-managed install_data
