[0.511s] Invoking command in '/ros2_ws/src/hospital_robot_spawner': PYTHONPATH=/ros2_ws/build/hospital_robot_spawner/prefix_override:/usr/lib/python3/dist-packages/colcon_core/task/python/colcon_distutils_commands:/ros2_ws/install/hospital_robot_spawner/lib/python3.10/site-packages:${PYTHONPATH} /usr/bin/python3 -W ignore:setup.py install is deprecated setup.py egg_info --egg-base ../../build/hospital_robot_spawner build --build-base /ros2_ws/build/hospital_robot_spawner/build install --record /ros2_ws/build/hospital_robot_spawner/install.log --single-version-externally-managed install_data
[0.719s] running egg_info
[0.719s] writing ../../build/hospital_robot_spawner/hospital_robot_spawner.egg-info/PKG-INFO
[0.720s] writing dependency_links to ../../build/hospital_robot_spawner/hospital_robot_spawner.egg-info/dependency_links.txt
[0.720s] writing entry points to ../../build/hospital_robot_spawner/hospital_robot_spawner.egg-info/entry_points.txt
[0.720s] writing requirements to ../../build/hospital_robot_spawner/hospital_robot_spawner.egg-info/requires.txt
[0.720s] writing top-level names to ../../build/hospital_robot_spawner/hospital_robot_spawner.egg-info/top_level.txt
[0.722s] reading manifest file '../../build/hospital_robot_spawner/hospital_robot_spawner.egg-info/SOURCES.txt'
[0.723s] writing manifest file '../../build/hospital_robot_spawner/hospital_robot_spawner.egg-info/SOURCES.txt'
[0.723s] running build
[0.724s] running build_py
[0.724s] running install
[0.724s] running install_lib
[0.725s] running install_data
[0.726s] copying launch/start_training.launch.py -> /ros2_ws/install/hospital_robot_spawner/share/hospital_robot_spawner/launch
[0.726s] running install_egg_info
[0.728s] removing '/ros2_ws/install/hospital_robot_spawner/lib/python3.10/site-packages/hospital_robot_spawner-0.0.0-py3.10.egg-info' (and everything under it)
[0.728s] Copying ../../build/hospital_robot_spawner/hospital_robot_spawner.egg-info to /ros2_ws/install/hospital_robot_spawner/lib/python3.10/site-packages/hospital_robot_spawner-0.0.0-py3.10.egg-info
[0.729s] running install_scripts
[0.747s] Installing spawn_demo script to /ros2_ws/install/hospital_robot_spawner/lib/hospital_robot_spawner
[0.747s] Installing start_training script to /ros2_ws/install/hospital_robot_spawner/lib/hospital_robot_spawner
[0.747s] Installing trained_agent script to /ros2_ws/install/hospital_robot_spawner/lib/hospital_robot_spawner
[0.747s] writing list of installed files to '/ros2_ws/build/hospital_robot_spawner/install.log'
[0.768s] Invoked command in '/ros2_ws/src/hospital_robot_spawner' returned '0': PYTHONPATH=/ros2_ws/build/hospital_robot_spawner/prefix_override:/usr/lib/python3/dist-packages/colcon_core/task/python/colcon_distutils_commands:/ros2_ws/install/hospital_robot_spawner/lib/python3.10/site-packages:${PYTHONPATH} /usr/bin/python3 -W ignore:setup.py install is deprecated setup.py egg_info --egg-base ../../build/hospital_robot_spawner build --build-base /ros2_ws/build/hospital_robot_spawner/build install --record /ros2_ws/build/hospital_robot_spawner/install.log --single-version-externally-managed install_data
