/ros2_ws/install/hospital_robot_spawner/lib/python3.10/site-packages/hospital_robot_spawner/robot_controller.py
/ros2_ws/install/hospital_robot_spawner/lib/python3.10/site-packages/hospital_robot_spawner/start_training.py
/ros2_ws/install/hospital_robot_spawner/lib/python3.10/site-packages/hospital_robot_spawner/trained_agent.py
/ros2_ws/install/hospital_robot_spawner/lib/python3.10/site-packages/hospital_robot_spawner/__init__.py
/ros2_ws/install/hospital_robot_spawner/lib/python3.10/site-packages/hospital_robot_spawner/hospitalbot_simplified_env.py
/ros2_ws/install/hospital_robot_spawner/lib/python3.10/site-packages/hospital_robot_spawner/hospitalbot_env.py
/ros2_ws/install/hospital_robot_spawner/lib/python3.10/site-packages/hospital_robot_spawner/spawn_demo.py
/ros2_ws/install/hospital_robot_spawner/lib/python3.10/site-packages/hospital_robot_spawner/__pycache__/robot_controller.cpython-310.pyc
/ros2_ws/install/hospital_robot_spawner/lib/python3.10/site-packages/hospital_robot_spawner/__pycache__/start_training.cpython-310.pyc
/ros2_ws/install/hospital_robot_spawner/lib/python3.10/site-packages/hospital_robot_spawner/__pycache__/trained_agent.cpython-310.pyc
/ros2_ws/install/hospital_robot_spawner/lib/python3.10/site-packages/hospital_robot_spawner/__pycache__/__init__.cpython-310.pyc
/ros2_ws/install/hospital_robot_spawner/lib/python3.10/site-packages/hospital_robot_spawner/__pycache__/hospitalbot_simplified_env.cpython-310.pyc
/ros2_ws/install/hospital_robot_spawner/lib/python3.10/site-packages/hospital_robot_spawner/__pycache__/hospitalbot_env.cpython-310.pyc
/ros2_ws/install/hospital_robot_spawner/lib/python3.10/site-packages/hospital_robot_spawner/__pycache__/spawn_demo.cpython-310.pyc
/ros2_ws/install/hospital_robot_spawner/share/ament_index/resource_index/packages/hospital_robot_spawner
/ros2_ws/install/hospital_robot_spawner/share/hospital_robot_spawner/package.xml
/ros2_ws/install/hospital_robot_spawner/share/hospital_robot_spawner/launch/headless_world.launch.py
/ros2_ws/install/hospital_robot_spawner/share/hospital_robot_spawner/launch/discretized_hospital.launch.py
/ros2_ws/install/hospital_robot_spawner/share/hospital_robot_spawner/launch/start_training.launch.py
/ros2_ws/install/hospital_robot_spawner/share/hospital_robot_spawner/launch/trained_agent.launch.py
/ros2_ws/install/hospital_robot_spawner/share/hospital_robot_spawner/launch/test.launch.py
/ros2_ws/install/hospital_robot_spawner/share/hospital_robot_spawner/launch/gazebo_world.launch.py
/ros2_ws/install/hospital_robot_spawner/share/hospital_robot_spawner/config/training_parameters.yaml
/ros2_ws/install/hospital_robot_spawner/share/hospital_robot_spawner/worlds/hospital_training.world
/ros2_ws/install/hospital_robot_spawner/share/hospital_robot_spawner/worlds/hospital.world
/ros2_ws/install/hospital_robot_spawner/share/hospital_robot_spawner/worlds/hospital_discretized.world
/ros2_ws/install/hospital_robot_spawner/share/hospital_robot_spawner/worlds/test.world
/ros2_ws/install/hospital_robot_spawner/share/hospital_robot_spawner/models/mobile_warehouse_robot/model.config
/ros2_ws/install/hospital_robot_spawner/share/hospital_robot_spawner/models/mobile_warehouse_robot/model.sdf
/ros2_ws/install/hospital_robot_spawner/share/hospital_robot_spawner/models/pioneer3at/model.sdf
/ros2_ws/install/hospital_robot_spawner/share/hospital_robot_spawner/models/pioneer3at/model.config
/ros2_ws/install/hospital_robot_spawner/share/hospital_robot_spawner/models/Target/model.sdf
/ros2_ws/install/hospital_robot_spawner/share/hospital_robot_spawner/models/Target/model.config
/ros2_ws/install/hospital_robot_spawner/share/hospital_robot_spawner/models/hospital_training.world
/ros2_ws/install/hospital_robot_spawner/share/hospital_robot_spawner/models/hospital.world
/ros2_ws/install/hospital_robot_spawner/share/hospital_robot_spawner/models/hospital_discretized.world
/ros2_ws/install/hospital_robot_spawner/share/hospital_robot_spawner/models/test.world
/ros2_ws/install/hospital_robot_spawner/lib/python3.10/site-packages/hospital_robot_spawner-0.0.0-py3.10.egg-info/top_level.txt
/ros2_ws/install/hospital_robot_spawner/lib/python3.10/site-packages/hospital_robot_spawner-0.0.0-py3.10.egg-info/dependency_links.txt
/ros2_ws/install/hospital_robot_spawner/lib/python3.10/site-packages/hospital_robot_spawner-0.0.0-py3.10.egg-info/entry_points.txt
/ros2_ws/install/hospital_robot_spawner/lib/python3.10/site-packages/hospital_robot_spawner-0.0.0-py3.10.egg-info/SOURCES.txt
/ros2_ws/install/hospital_robot_spawner/lib/python3.10/site-packages/hospital_robot_spawner-0.0.0-py3.10.egg-info/requires.txt
/ros2_ws/install/hospital_robot_spawner/lib/python3.10/site-packages/hospital_robot_spawner-0.0.0-py3.10.egg-info/PKG-INFO
/ros2_ws/install/hospital_robot_spawner/lib/python3.10/site-packages/hospital_robot_spawner-0.0.0-py3.10.egg-info/zip-safe
/ros2_ws/install/hospital_robot_spawner/lib/hospital_robot_spawner/spawn_demo
/ros2_ws/install/hospital_robot_spawner/lib/hospital_robot_spawner/start_training
/ros2_ws/install/hospital_robot_spawner/lib/hospital_robot_spawner/trained_agent
